

Microchip Technology PIC LITE Macro Assembler V1.36 build -262312587 
                                                                                               Sun Oct 04 23:03:06 2020

Microchip Technology Omniscient Code Generator v1.36 (Free mode) build 201601150325
     1                           	processor	16F877A
     2                           	opt	pw 120
     3                           	opt	lm
     4                           	psect	idataCOMMON,global,class=CODE,delta=2
     5                           	psect	cinit,global,class=CODE,merge=1,delta=2
     6                           	psect	bssCOMMON,global,class=COMMON,space=1,delta=1
     7                           	psect	dataCOMMON,global,class=COMMON,space=1,delta=1
     8                           	psect	cstackCOMMON,global,class=COMMON,space=1,delta=1
     9                           	psect	maintext,global,class=CODE,split=1,delta=2
    10                           	psect	text1,local,class=CODE,merge=1,delta=2
    11                           	psect	text2,local,class=CODE,merge=1,delta=2
    12                           	dabs	1,0x7E,2
    13  0000                     	;# 
    14  0001                     	;# 
    15  0002                     	;# 
    16  0003                     	;# 
    17  0004                     	;# 
    18  0005                     	;# 
    19  0006                     	;# 
    20  0007                     	;# 
    21  0008                     	;# 
    22  0009                     	;# 
    23  000A                     	;# 
    24  000B                     	;# 
    25  000C                     	;# 
    26  000D                     	;# 
    27  000E                     	;# 
    28  000E                     	;# 
    29  000F                     	;# 
    30  0010                     	;# 
    31  0011                     	;# 
    32  0012                     	;# 
    33  0013                     	;# 
    34  0014                     	;# 
    35  0015                     	;# 
    36  0015                     	;# 
    37  0016                     	;# 
    38  0017                     	;# 
    39  0018                     	;# 
    40  0019                     	;# 
    41  001A                     	;# 
    42  001B                     	;# 
    43  001B                     	;# 
    44  001C                     	;# 
    45  001D                     	;# 
    46  001E                     	;# 
    47  001F                     	;# 
    48  0081                     	;# 
    49  0085                     	;# 
    50  0086                     	;# 
    51  0087                     	;# 
    52  0088                     	;# 
    53  0089                     	;# 
    54  008C                     	;# 
    55  008D                     	;# 
    56  008E                     	;# 
    57  0091                     	;# 
    58  0092                     	;# 
    59  0093                     	;# 
    60  0094                     	;# 
    61  0098                     	;# 
    62  0099                     	;# 
    63  009C                     	;# 
    64  009D                     	;# 
    65  009E                     	;# 
    66  009F                     	;# 
    67  010C                     	;# 
    68  010D                     	;# 
    69  010E                     	;# 
    70  010F                     	;# 
    71  018C                     	;# 
    72  018D                     	;# 
    73                           
    74                           	psect	idataCOMMON
    75  0717                     __pidataCOMMON:	
    76                           
    77                           ;initializer for _next
    78  0717  3401               	retlw	1
    79  0718  3400               	retlw	0
    80  000E                     _TMR1	set	14
    81  0006                     _PORTB	set	6
    82  0008                     _PORTD	set	8
    83  005F                     _GIE	set	95
    84  005E                     _PEIE	set	94
    85  0034                     _RB4	set	52
    86  0035                     _RB5	set	53
    87  0036                     _RB6	set	54
    88  0037                     _RB7	set	55
    89  0084                     _T1CKPS0	set	132
    90  0085                     _T1CKPS1	set	133
    91  0081                     _TMR1CS	set	129
    92  0060                     _TMR1IF	set	96
    93  0080                     _TMR1ON	set	128
    94  0086                     _TRISB	set	134
    95  0088                     _TRISD	set	136
    96  0460                     _TMR1IE	set	1120
    97                           
    98                           ; #config settings
    99  0000                     
   100                           	psect	cinit
   101  07EA                     start_initialization:	
   102  07EA                     __initialization:	
   103                           
   104                           ; Clear objects allocated to COMMON
   105  07EA  01F0               	clrf	__pbssCOMMON& (0+127)
   106  07EB  01F1               	clrf	(__pbssCOMMON+1)& (0+127)
   107  07EC  01F2               	clrf	(__pbssCOMMON+2)& (0+127)
   108  07ED  01F3               	clrf	(__pbssCOMMON+3)& (0+127)
   109  07EE  01F4               	clrf	(__pbssCOMMON+4)& (0+127)
   110  07EF  01F5               	clrf	(__pbssCOMMON+5)& (0+127)
   111  07F0  01F6               	clrf	(__pbssCOMMON+6)& (0+127)
   112  07F1  01F7               	clrf	(__pbssCOMMON+7)& (0+127)
   113                           
   114                           ; Initialize objects allocated to COMMON
   115  07F2  120A  118A  2717  120A  118A  	fcall	__pidataCOMMON	;fetch initializer
   116  07F7  00F8               	movwf	__pdataCOMMON& (0+127)
   117  07F8  120A  118A  2718   	fcall	__pidataCOMMON+1	;fetch initializer
   118  07FB  00F9               	movwf	(__pdataCOMMON+1)& (0+127)
   119  07FC                     end_of_initialization:	
   120                           ;End of C runtime variable initialization code
   121                           
   122  07FC                     __end_of__initialization:	
   123  07FC  0183               	clrf	3
   124  07FD  120A  118A  2F32   	ljmp	_main	;jump to C main() function
   125                           
   126                           	psect	bssCOMMON
   127  0070                     __pbssCOMMON:	
   128  0070                     _c:	
   129  0070                     	ds	2
   130  0072                     _time_out:	
   131  0072                     	ds	2
   132  0074                     _time_out1:	
   133  0074                     	ds	2
   134  0076                     _time_out2:	
   135  0076                     	ds	2
   136                           
   137                           	psect	dataCOMMON
   138  0078                     __pdataCOMMON:	
   139  0078                     _next:	
   140  0078                     	ds	2
   141                           
   142                           	psect	cstackCOMMON
   143  0000                     __pcstackCOMMON:	
   144  0000                     ?_Timer1:	
   145  0000                     ??_Timer1:	
   146                           ; 1 bytes @ 0x0
   147                           
   148  0000                     ?_Intialization:	
   149                           ; 1 bytes @ 0x0
   150                           
   151  0000                     ??_Intialization:	
   152                           ; 1 bytes @ 0x0
   153                           
   154  0000                     ?_main:	
   155                           ; 1 bytes @ 0x0
   156                           
   157  0000                     ??_main:	
   158                           ; 1 bytes @ 0x0
   159                           
   160                           
   161                           	psect	maintext
   162  0732                     __pmaintext:	
   163                           ; 1 bytes @ 0x0
   164 ;;
   165 ;;Main: autosize = 0, tempsize = 0, incstack = 0, save=0
   166 ;;
   167 ;; *************** function _main *****************
   168 ;; Defined at:
   169 ;;		line 14 in file "main.c"
   170 ;; Parameters:    Size  Location     Type
   171 ;;		None
   172 ;; Auto vars:     Size  Location     Type
   173 ;;		None
   174 ;; Return value:  Size  Location     Type
   175 ;;                  1    wreg      void 
   176 ;; Registers used:
   177 ;;		wreg, status,2, status,0, pclath, cstack
   178 ;; Tracked objects:
   179 ;;		On entry : B00/0
   180 ;;		On exit  : 0/0
   181 ;;		Unchanged: 0/0
   182 ;; Data sizes:     COMMON   BANK0   BANK1   BANK3   BANK2
   183 ;;      Params:         0       0       0       0       0
   184 ;;      Locals:         0       0       0       0       0
   185 ;;      Temps:          0       0       0       0       0
   186 ;;      Totals:         0       0       0       0       0
   187 ;;Total ram usage:        0 bytes
   188 ;; Hardware stack levels required when called:    1
   189 ;; This function calls:
   190 ;;		_Intialization
   191 ;;		_Timer1
   192 ;; This function is called by:
   193 ;;		Startup code after reset
   194 ;; This function uses a non-reentrant model
   195 ;;
   196                           
   197                           
   198                           ;psect for function _main
   199  0732                     _main:	
   200                           
   201                           ;main.c: 17: TRISD=0x00;
   202                           
   203                           ;incstack = 0
   204                           ; Regs used in _main: [wreg+status,2+status,0+pclath+cstack]
   205  0732  1683               	bsf	3,5	;RP0=1, select bank1
   206  0733  1303               	bcf	3,6	;RP1=0, select bank1
   207  0734  0188               	clrf	8	;volatile
   208                           
   209                           ;main.c: 18: TRISB=0b11110000;
   210  0735  30F0               	movlw	240
   211  0736  0086               	movwf	6	;volatile
   212                           
   213                           ;main.c: 20: PORTD=0x00;
   214  0737  1283               	bcf	3,5	;RP0=0, select bank0
   215  0738  1303               	bcf	3,6	;RP1=0, select bank0
   216  0739  0188               	clrf	8	;volatile
   217                           
   218                           ;main.c: 21: PORTB=0x00;
   219  073A  0186               	clrf	6	;volatile
   220                           
   221                           ;main.c: 22: Timer1();
   222  073B  120A  118A  2722  120A  118A  	fcall	_Timer1
   223  0740                     l561:	
   224                           ;main.c: 24: while(1)
   225                           
   226                           
   227                           ;main.c: 25: {
   228                           ;main.c: 27: if(RB4==1 && next==1)
   229  0740  1283               	bcf	3,5	;RP0=0, select bank0
   230  0741  1303               	bcf	3,6	;RP1=0, select bank0
   231  0742  1E06               	btfss	6,4	;volatile
   232  0743  2F67               	goto	l583
   233  0744  0378               	decf	_next,w
   234  0745  0479               	iorwf	_next+1,w
   235  0746  1D03               	btfss	3,2
   236  0747  2F67               	goto	l583
   237                           
   238                           ;main.c: 28: {
   239                           ;main.c: 29: Intialization();
   240  0748  120A  118A  2719  120A  118A  	fcall	_Intialization
   241                           
   242                           ;main.c: 31: PORTD=0b00100010;
   243  074D  3022               	movlw	34
   244  074E  1283               	bcf	3,5	;RP0=0, select bank0
   245  074F  1303               	bcf	3,6	;RP1=0, select bank0
   246  0750  0088               	movwf	8	;volatile
   247                           
   248                           ;main.c: 32: PORTB=0b00001001;
   249  0751  3009               	movlw	9
   250  0752  0086               	movwf	6	;volatile
   251                           
   252                           ;main.c: 34: if(time_out1==1)
   253  0753  0374               	decf	_time_out1,w
   254  0754  0475               	iorwf	_time_out1+1,w
   255  0755  1D03               	btfss	3,2
   256  0756  2F5B               	goto	l575
   257                           
   258                           ;main.c: 35: { PORTD=0b00100001;
   259  0757  3021               	movlw	33
   260  0758  0088               	movwf	8	;volatile
   261                           
   262                           ;main.c: 36: PORTB=0b00001001;}
   263  0759  3009               	movlw	9
   264  075A  0086               	movwf	6	;volatile
   265  075B                     l575:	
   266                           
   267                           ;main.c: 38: if(time_out2==1)
   268  075B  0376               	decf	_time_out2,w
   269  075C  0477               	iorwf	_time_out2+1,w
   270  075D  1D03               	btfss	3,2
   271  075E  2F63               	goto	l579
   272                           
   273                           ;main.c: 39: { PORTD=0b00100010;
   274  075F  3022               	movlw	34
   275  0760  0088               	movwf	8	;volatile
   276                           
   277                           ;main.c: 40: PORTB=0b00001001;}
   278  0761  3009               	movlw	9
   279  0762  0086               	movwf	6	;volatile
   280  0763                     l579:	
   281                           
   282                           ;main.c: 42: if(time_out==1){
   283  0763  0372               	decf	_time_out,w
   284  0764  0473               	iorwf	_time_out+1,w
   285  0765  1D03               	btfss	3,2
   286  0766  2F6B               	goto	l585
   287  0767                     l583:	
   288                           ;main.c: 44: }} else{next=2;}
   289                           
   290                           ;main.c: 43: next=2;
   291                           
   292  0767  3002               	movlw	2
   293  0768  00F8               	movwf	_next
   294  0769  3000               	movlw	0
   295  076A  00F9               	movwf	_next+1
   296  076B                     l585:	
   297                           
   298                           ;main.c: 47: if(RB5==1 && next==2)
   299  076B  1E86               	btfss	6,5	;volatile
   300  076C  2F91               	goto	l607
   301  076D  3002               	movlw	2
   302  076E  0678               	xorwf	_next,w
   303  076F  0479               	iorwf	_next+1,w
   304  0770  1D03               	btfss	3,2
   305  0771  2F91               	goto	l607
   306                           
   307                           ;main.c: 48: {
   308                           ;main.c: 49: Intialization();
   309  0772  120A  118A  2719  120A  118A  	fcall	_Intialization
   310                           
   311                           ;main.c: 51: PORTD=0b00010100;
   312  0777  3014               	movlw	20
   313  0778  1283               	bcf	3,5	;RP0=0, select bank0
   314  0779  1303               	bcf	3,6	;RP1=0, select bank0
   315  077A  0088               	movwf	8	;volatile
   316                           
   317                           ;main.c: 52: PORTB=0b00001001;
   318  077B  3009               	movlw	9
   319  077C  0086               	movwf	6	;volatile
   320                           
   321                           ;main.c: 54: if(time_out1==1)
   322  077D  0374               	decf	_time_out1,w
   323  077E  0475               	iorwf	_time_out1+1,w
   324  077F  1D03               	btfss	3,2
   325  0780  2F85               	goto	l599
   326                           
   327                           ;main.c: 55: { PORTD=0b00001100;
   328  0781  300C               	movlw	12
   329  0782  0088               	movwf	8	;volatile
   330                           
   331                           ;main.c: 56: PORTB=0b00001001;}
   332  0783  3009               	movlw	9
   333  0784  0086               	movwf	6	;volatile
   334  0785                     l599:	
   335                           
   336                           ;main.c: 58: if(time_out2==1)
   337  0785  0376               	decf	_time_out2,w
   338  0786  0477               	iorwf	_time_out2+1,w
   339  0787  1D03               	btfss	3,2
   340  0788  2F8D               	goto	l603
   341                           
   342                           ;main.c: 59: {PORTD=0b00010100;
   343  0789  3014               	movlw	20
   344  078A  0088               	movwf	8	;volatile
   345                           
   346                           ;main.c: 60: PORTB=0b00001001;}
   347  078B  3009               	movlw	9
   348  078C  0086               	movwf	6	;volatile
   349  078D                     l603:	
   350                           
   351                           ;main.c: 62: if(time_out==1){
   352  078D  0372               	decf	_time_out,w
   353  078E  0473               	iorwf	_time_out+1,w
   354  078F  1D03               	btfss	3,2
   355  0790  2F95               	goto	l609
   356  0791                     l607:	
   357                           ;main.c: 64: }
   358                           ;main.c: 65: }else{next=3;}
   359                           
   360                           ;main.c: 63: next = 3;
   361                           
   362  0791  3003               	movlw	3
   363  0792  00F8               	movwf	_next
   364  0793  3000               	movlw	0
   365  0794  00F9               	movwf	_next+1
   366  0795                     l609:	
   367                           
   368                           ;main.c: 68: if(RB6==1 && next==3)
   369  0795  1F06               	btfss	6,6	;volatile
   370  0796  2FBB               	goto	l631
   371  0797  3003               	movlw	3
   372  0798  0678               	xorwf	_next,w
   373  0799  0479               	iorwf	_next+1,w
   374  079A  1D03               	btfss	3,2
   375  079B  2FBB               	goto	l631
   376                           
   377                           ;main.c: 69: {
   378                           ;main.c: 70: Intialization();
   379  079C  120A  118A  2719  120A  118A  	fcall	_Intialization
   380                           
   381                           ;main.c: 72: PORTD=0b10100100;
   382  07A1  30A4               	movlw	164
   383  07A2  1283               	bcf	3,5	;RP0=0, select bank0
   384  07A3  1303               	bcf	3,6	;RP1=0, select bank0
   385  07A4  0088               	movwf	8	;volatile
   386                           
   387                           ;main.c: 73: PORTB=0b00001000;
   388  07A5  3008               	movlw	8
   389  07A6  0086               	movwf	6	;volatile
   390                           
   391                           ;main.c: 75: if(time_out1==1)
   392  07A7  0374               	decf	_time_out1,w
   393  07A8  0475               	iorwf	_time_out1+1,w
   394  07A9  1D03               	btfss	3,2
   395  07AA  2FAF               	goto	l623
   396                           
   397                           ;main.c: 76: { PORTD=0b01100100;
   398  07AB  3064               	movlw	100
   399  07AC  0088               	movwf	8	;volatile
   400                           
   401                           ;main.c: 77: PORTB=0b00001000;}
   402  07AD  3008               	movlw	8
   403  07AE  0086               	movwf	6	;volatile
   404  07AF                     l623:	
   405                           
   406                           ;main.c: 79: if(time_out2==1)
   407  07AF  0376               	decf	_time_out2,w
   408  07B0  0477               	iorwf	_time_out2+1,w
   409  07B1  1D03               	btfss	3,2
   410  07B2  2FB7               	goto	l627
   411                           
   412                           ;main.c: 80: { PORTD=0b10100100;
   413  07B3  30A4               	movlw	164
   414  07B4  0088               	movwf	8	;volatile
   415                           
   416                           ;main.c: 81: PORTB=0b00001000;}
   417  07B5  3008               	movlw	8
   418  07B6  0086               	movwf	6	;volatile
   419  07B7                     l627:	
   420                           
   421                           ;main.c: 83: if(time_out==1){
   422  07B7  0372               	decf	_time_out,w
   423  07B8  0473               	iorwf	_time_out+1,w
   424  07B9  1D03               	btfss	3,2
   425  07BA  2FBF               	goto	l633
   426  07BB                     l631:	
   427                           ;main.c: 85: }}else{next=4;}
   428                           
   429                           ;main.c: 84: next = 4;
   430                           
   431  07BB  3004               	movlw	4
   432  07BC  00F8               	movwf	_next
   433  07BD  3000               	movlw	0
   434  07BE  00F9               	movwf	_next+1
   435  07BF                     l633:	
   436                           
   437                           ;main.c: 88: if(RB7==1 && next==4)
   438  07BF  1F86               	btfss	6,7	;volatile
   439  07C0  2FE5               	goto	l655
   440  07C1  3004               	movlw	4
   441  07C2  0678               	xorwf	_next,w
   442  07C3  0479               	iorwf	_next+1,w
   443  07C4  1D03               	btfss	3,2
   444  07C5  2FE5               	goto	l655
   445                           
   446                           ;main.c: 89: {
   447                           ;main.c: 91: Intialization();
   448  07C6  120A  118A  2719  120A  118A  	fcall	_Intialization
   449                           
   450                           ;main.c: 93: PORTD=0b00100100;
   451  07CB  3024               	movlw	36
   452  07CC  1283               	bcf	3,5	;RP0=0, select bank0
   453  07CD  1303               	bcf	3,6	;RP1=0, select bank0
   454  07CE  0088               	movwf	8	;volatile
   455                           
   456                           ;main.c: 94: PORTB=0b00000101;
   457  07CF  3005               	movlw	5
   458  07D0  0086               	movwf	6	;volatile
   459                           
   460                           ;main.c: 96: if(time_out1==1)
   461  07D1  0374               	decf	_time_out1,w
   462  07D2  0475               	iorwf	_time_out1+1,w
   463  07D3  1D03               	btfss	3,2
   464  07D4  2FD9               	goto	l647
   465                           
   466                           ;main.c: 97: { PORTD=0b00100100;
   467  07D5  3024               	movlw	36
   468  07D6  0088               	movwf	8	;volatile
   469                           
   470                           ;main.c: 98: PORTB=0b00000011;}
   471  07D7  3003               	movlw	3
   472  07D8  0086               	movwf	6	;volatile
   473  07D9                     l647:	
   474                           
   475                           ;main.c: 100: if(time_out2==1)
   476  07D9  0376               	decf	_time_out2,w
   477  07DA  0477               	iorwf	_time_out2+1,w
   478  07DB  1D03               	btfss	3,2
   479  07DC  2FE1               	goto	l651
   480                           
   481                           ;main.c: 101: { PORTD=0b00100100;
   482  07DD  3024               	movlw	36
   483  07DE  0088               	movwf	8	;volatile
   484                           
   485                           ;main.c: 102: PORTB=0b00000101;}
   486  07DF  3005               	movlw	5
   487  07E0  0086               	movwf	6	;volatile
   488  07E1                     l651:	
   489                           
   490                           ;main.c: 104: if(time_out==1){
   491  07E1  0372               	decf	_time_out,w
   492  07E2  0473               	iorwf	_time_out+1,w
   493  07E3  1D03               	btfss	3,2
   494  07E4  2F40               	goto	l561
   495  07E5                     l655:	
   496                           ;main.c: 106: }
   497                           ;main.c: 107: }else{next=1;}
   498                           
   499                           ;main.c: 105: next = 1;
   500                           
   501  07E5  3001               	movlw	1
   502  07E6  00F8               	movwf	_next
   503  07E7  3000               	movlw	0
   504  07E8  00F9               	movwf	_next+1
   505  07E9  2F40               	goto	l561
   506  07EA                     __end_of_main:	
   507                           ;main.c: 108: }
   508                           ;main.c: 109: return;
   509                           
   510                           
   511                           	psect	text1
   512  0722                     __ptext1:	
   513 ;; *************** function _Timer1 *****************
   514 ;; Defined at:
   515 ;;		line 112 in file "main.c"
   516 ;; Parameters:    Size  Location     Type
   517 ;;		None
   518 ;; Auto vars:     Size  Location     Type
   519 ;;		None
   520 ;; Return value:  Size  Location     Type
   521 ;;                  1    wreg      void 
   522 ;; Registers used:
   523 ;;		None
   524 ;; Tracked objects:
   525 ;;		On entry : 0/0
   526 ;;		On exit  : 0/0
   527 ;;		Unchanged: 0/0
   528 ;; Data sizes:     COMMON   BANK0   BANK1   BANK3   BANK2
   529 ;;      Params:         0       0       0       0       0
   530 ;;      Locals:         0       0       0       0       0
   531 ;;      Temps:          0       0       0       0       0
   532 ;;      Totals:         0       0       0       0       0
   533 ;;Total ram usage:        0 bytes
   534 ;; Hardware stack levels used:    1
   535 ;; This function calls:
   536 ;;		Nothing
   537 ;; This function is called by:
   538 ;;		_main
   539 ;; This function uses a non-reentrant model
   540 ;;
   541                           
   542                           
   543                           ;psect for function _Timer1
   544  0722                     _Timer1:	
   545                           
   546                           ;main.c: 114: TMR1IE=1;
   547                           
   548                           ;incstack = 0
   549                           ; Regs used in _Timer1: []
   550  0722  1683               	bsf	3,5	;RP0=1, select bank1
   551  0723  1303               	bcf	3,6	;RP1=0, select bank1
   552  0724  140C               	bsf	12,0	;volatile
   553                           
   554                           ;main.c: 115: PEIE=1;
   555  0725  170B               	bsf	11,6	;volatile
   556                           
   557                           ;main.c: 116: GIE=1;
   558  0726  178B               	bsf	11,7	;volatile
   559                           
   560                           ;main.c: 120: TMR1=15536;
   561  0727  303C               	movlw	60
   562  0728  1283               	bcf	3,5	;RP0=0, select bank0
   563  0729  1303               	bcf	3,6	;RP1=0, select bank0
   564  072A  008F               	movwf	15	;volatile
   565  072B  30B0               	movlw	176
   566  072C  008E               	movwf	14	;volatile
   567                           
   568                           ;main.c: 122: TMR1CS=0;
   569  072D  1090               	bcf	16,1	;volatile
   570                           
   571                           ;main.c: 124: T1CKPS0=0;
   572  072E  1210               	bcf	16,4	;volatile
   573                           
   574                           ;main.c: 125: T1CKPS1=0;
   575  072F  1290               	bcf	16,5	;volatile
   576                           
   577                           ;main.c: 127: TMR1ON=1;
   578  0730  1410               	bsf	16,0	;volatile
   579  0731  0008               	return
   580  0732                     __end_of_Timer1:	
   581                           
   582                           	psect	text2
   583  0719                     __ptext2:	
   584 ;; *************** function _Intialization *****************
   585 ;; Defined at:
   586 ;;		line 131 in file "main.c"
   587 ;; Parameters:    Size  Location     Type
   588 ;;		None
   589 ;; Auto vars:     Size  Location     Type
   590 ;;		None
   591 ;; Return value:  Size  Location     Type
   592 ;;                  1    wreg      void 
   593 ;; Registers used:
   594 ;;		status,2
   595 ;; Tracked objects:
   596 ;;		On entry : 0/0
   597 ;;		On exit  : 0/0
   598 ;;		Unchanged: 0/0
   599 ;; Data sizes:     COMMON   BANK0   BANK1   BANK3   BANK2
   600 ;;      Params:         0       0       0       0       0
   601 ;;      Locals:         0       0       0       0       0
   602 ;;      Temps:          0       0       0       0       0
   603 ;;      Totals:         0       0       0       0       0
   604 ;;Total ram usage:        0 bytes
   605 ;; Hardware stack levels used:    1
   606 ;; This function calls:
   607 ;;		Nothing
   608 ;; This function is called by:
   609 ;;		_main
   610 ;; This function uses a non-reentrant model
   611 ;;
   612                           
   613                           
   614                           ;psect for function _Intialization
   615  0719                     _Intialization:	
   616                           
   617                           ;main.c: 133: time_out=0;
   618                           
   619                           ;incstack = 0
   620                           ; Regs used in _Intialization: [status,2]
   621  0719  01F2               	clrf	_time_out
   622  071A  01F3               	clrf	_time_out+1
   623                           
   624                           ;main.c: 134: time_out1=0;
   625  071B  01F4               	clrf	_time_out1
   626  071C  01F5               	clrf	_time_out1+1
   627                           
   628                           ;main.c: 135: time_out2=0;
   629  071D  01F6               	clrf	_time_out2
   630  071E  01F7               	clrf	_time_out2+1
   631                           
   632                           ;main.c: 136: c=0;
   633  071F  01F0               	clrf	_c
   634  0720  01F1               	clrf	_c+1
   635  0721  0008               	return
   636  0722                     __end_of_Intialization:	
   637  007E                     btemp	set	126	;btemp
   638  007E                     wtemp	set	126
   639  007E                     wtemp0	set	126
   640  0080                     wtemp1	set	128
   641  0082                     wtemp2	set	130
   642  0084                     wtemp3	set	132
   643  0086                     wtemp4	set	134
   644  0088                     wtemp5	set	136
   645  007F                     wtemp6	set	127
   646  007E                     ttemp	set	126
   647  007E                     ttemp0	set	126
   648  0081                     ttemp1	set	129
   649  0084                     ttemp2	set	132
   650  0087                     ttemp3	set	135
   651  007F                     ttemp4	set	127
   652  007E                     ltemp	set	126
   653  007E                     ltemp0	set	126
   654  0082                     ltemp1	set	130
   655  0086                     ltemp2	set	134
   656  0080                     ltemp3	set	128


Data Sizes:
    Strings     0
    Constant    0
    Data        2
    BSS         8
    Persistent  0
    Stack       0

Auto Spaces:
    Space          Size  Autos    Used
    COMMON           14      0      10
    BANK0            80      0       0
    BANK1            80      0       0
    BANK3            96      0       0
    BANK2            96      0       0

Pointer List with Targets:

    None.

Critical Paths under _main in COMMON

    None.

Critical Paths under _main in BANK0

    None.

Critical Paths under _main in BANK1

    None.

Critical Paths under _main in BANK3

    None.

Critical Paths under _main in BANK2

    None.

Call Graph Tables:

 ---------------------------------------------------------------------------------
 (Depth) Function   	        Calls       Base Space   Used Autos Params    Refs
 ---------------------------------------------------------------------------------
 (0) _main                                                 0     0      0       0
                      _Intialization
                             _Timer1
 ---------------------------------------------------------------------------------
 (1) _Timer1                                               0     0      0       0
 ---------------------------------------------------------------------------------
 (1) _Intialization                                        0     0      0       0
 ---------------------------------------------------------------------------------
 Estimated maximum stack depth 1
 ---------------------------------------------------------------------------------

 Call Graph Graphs:

 _main (ROOT)
   _Intialization
   _Timer1

 Address spaces:
Name               Size   Autos  Total    Cost      Usage
BANK3               60      0       0       9        0.0%
BITBANK3            60      0       0       8        0.0%
SFR3                 0      0       0       4        0.0%
BITSFR3              0      0       0       4        0.0%
BANK2               60      0       0      11        0.0%
BITBANK2            60      0       0      10        0.0%
SFR2                 0      0       0       5        0.0%
BITSFR2              0      0       0       5        0.0%
BANK1               50      0       0       7        0.0%
BITBANK1            50      0       0       6        0.0%
SFR1                 0      0       0       2        0.0%
BITSFR1              0      0       0       2        0.0%
BANK0               50      0       0       5        0.0%
BITBANK0            50      0       0       4        0.0%
SFR0                 0      0       0       1        0.0%
BITSFR0              0      0       0       1        0.0%
COMMON               E      0       A       1       71.4%
BITCOMMON            E      0       0       0        0.0%
CODE                 0      0       0       0        0.0%
DATA                 0      0       A      12        0.0%
ABS                  0      0       A       3        0.0%
NULL                 0      0       0       0        0.0%
STACK                0      0       0       2        0.0%
EEDATA             100      0       0       0        0.0%


Microchip Technology PIC Macro Assembler V1.36 build -262312587 
Symbol Table                                                                                   Sun Oct 04 23:03:06 2020

                      _c 0070              __CFG_CP$OFF 0000                      l603 078D  
                    l623 07AF                      l631 07BB                      l607 0791  
                    l633 07BF                      l609 0795                      l561 0740  
                    l651 07E1                      l627 07B7                      l647 07D9  
                    l655 07E5                      l575 075B                      l583 0767  
                    l585 076B                      l579 0763                      l599 0785  
                    _GIE 005F                      _RB4 0034                      _RB5 0035  
                    _RB6 0036                      _RB7 0037             __CFG_CPD$OFF 0000  
           __CFG_FOSC$XT 0000             __CFG_LVP$OFF 0000                     _PEIE 005E  
                   _TMR1 000E             __CFG_WRT$OFF 0000                     _main 0732  
                   _next 0078                     btemp 007E            __CFG_BOREN$ON 0000  
                   ltemp 007E                     start 0000                     ttemp 007E  
                   wtemp 007E                    ?_main 0000            __CFG_WDTE$OFF 0000  
                  _PORTB 0006                    _PORTD 0008                    _TRISB 0086  
                  _TRISD 0088            __CFG_PWRTE$ON 0000                    ltemp0 007E  
                  ltemp1 0082                    ltemp2 0086                    ltemp3 0080  
                  ttemp0 007E                    ttemp1 0081                    ttemp2 0084  
                  ttemp3 0087                    ttemp4 007F                    status 0003  
                  wtemp0 007E                    wtemp1 0080                    wtemp2 0082  
                  wtemp3 0084                    wtemp4 0086                    wtemp5 0088  
                  wtemp6 007F          __initialization 07EA             __end_of_main 07EA  
                 ??_main 0000   __size_of_Intialization 0009                   _TMR1IE 0460  
                 _TMR1IF 0060                   _TMR1CS 0081                   _TMR1ON 0080  
                 _Timer1 0722             __pdataCOMMON 0078  __end_of__initialization 07FC  
          _Intialization 0719           __pcstackCOMMON 0000           ?_Intialization 0000  
                ?_Timer1 0000               __pmaintext 0732                  _T1CKPS0 0084  
                _T1CKPS1 0085          __size_of_Timer1 0010                  __ptext1 0722  
                __ptext2 0719          ??_Intialization 0000     end_of_initialization 07FC  
         __end_of_Timer1 0732            __pidataCOMMON 0717      start_initialization 07EA  
               ??_Timer1 0000              __pbssCOMMON 0070                ___latbits 0002  
              _time_out1 0074                _time_out2 0076    __end_of_Intialization 0722  
          __size_of_main 00B8                 _time_out 0072  
